  test.c
C:\Users\desire\Desktop\xuexi\test3-21\test.c(18,11): warning C4013: “assert”未定义；假设外部返回 int
C:\Users\desire\Desktop\xuexi\test3-21\test.c(62,5): error C2054: 在“​”之后应输入“(”
C:\Users\desire\Desktop\xuexi\test3-21\test.c(63,1): error C2085: “main”: 不在形参表中
C:\Users\desire\Desktop\xuexi\test3-21\test.c(63,1): error C2143: 语法错误: 缺少“;”(在“{”的前面)
